app/build/intermediates/manifest_merge_blame_file/debug/manifest-merger-blame-debug-report.txt
1<?xml version="1.0" encoding="utf-8"?>
2<manifest xmlns:android="http://schemas.android.com/apk/res/android"
3    package="com.kemanci.petapp"
4    android:versionCode="1"
5    android:versionName="1.0" >
6
7    <uses-sdk
8        android:minSdkVersion="30"
8-->src/main/AndroidManifest.xml
9        android:targetSdkVersion="30" />
9-->src/main/AndroidManifest.xml
10
11    <!--
12         The ACCESS_COARSE/FINE_LOCATION permissions are not required to use
13         Google Maps Android API v2, but you must specify either coarse or fine
14         location permissions for the "MyLocation" functionality.
15    -->
16    <uses-permission android:name="android.permission.ACCESS_FINE_LOCATION" />
16-->src/main/AndroidManifest.xml:10:5-78
16-->src/main/AndroidManifest.xml:10:22-76
17    <uses-permission android:name="android.permission.INTERNET" />
17-->src/main/AndroidManifest.xml:11:5-66
17-->src/main/AndroidManifest.xml:11:22-64
18
19    <!-- Include required permissions for Google Maps API to run. -->
20    <uses-permission android:name="android.permission.ACCESS_NETWORK_STATE" />
20-->[com.google.android.gms:play-services-maps:17.0.0] AndroidManifest.xml:23:5-79
20-->[com.google.android.gms:play-services-maps:17.0.0] AndroidManifest.xml:23:22-76
21
22    <uses-feature
22-->[com.google.android.gms:play-services-maps:17.0.0] AndroidManifest.xml:26:5-28:35
23        android:glEsVersion="0x00020000"
23-->[com.google.android.gms:play-services-maps:17.0.0] AndroidManifest.xml:27:9-41
24        android:required="true" />
24-->[com.google.android.gms:play-services-maps:17.0.0] AndroidManifest.xml:28:9-32
25
26    <application
26-->src/main/AndroidManifest.xml:13:5-50:19
27        android:allowBackup="true"
27-->src/main/AndroidManifest.xml:14:13-39
28        android:appComponentFactory="androidx.core.app.CoreComponentFactory"
28-->[androidx.core:core:1.3.1] AndroidManifest.xml:24:18-86
29        android:debuggable="true"
30        android:extractNativeLibs="false"
31        android:icon="@mipmap/ic_launcher"
31-->src/main/AndroidManifest.xml:15:13-47
32        android:label="@string/app_name"
32-->src/main/AndroidManifest.xml:16:13-45
33        android:roundIcon="@mipmap/ic_launcher_round"
33-->src/main/AndroidManifest.xml:17:13-58
34        android:supportsRtl="true"
34-->src/main/AndroidManifest.xml:18:13-39
35        android:testOnly="true"
36        android:theme="@style/mainTheme" >
36-->src/main/AndroidManifest.xml:19:13-45
37
38        <!--
39             The API key for Google Maps-based APIs is defined as a string resource.
40             (See the file "res/values/google_maps_api.xml").
41             Note that the API key is linked to the encryption key used to sign the APK.
42             You need a different API key for each encryption key, including the release key that is used to
43             sign the APK for publishing.
44             You can define the keys for the debug and release targets in src/debug/ and src/release/.
45        -->
46        <meta-data
46-->src/main/AndroidManifest.xml:29:9-31:58
47            android:name="com.google.android.geo.API_KEY"
47-->src/main/AndroidManifest.xml:30:17-62
48            android:value="@string/google_maps_key" />
48-->src/main/AndroidManifest.xml:31:17-56
49
50        <activity
50-->src/main/AndroidManifest.xml:33:9-36:20
51            android:name="com.kemanci.petapp.MapsActivity"
51-->src/main/AndroidManifest.xml:34:17-45
52            android:label="@string/title_activity_maps" >
52-->src/main/AndroidManifest.xml:35:17-60
53        </activity>
54        <activity android:name="com.kemanci.petapp.MainActivity2" >
54-->src/main/AndroidManifest.xml:37:9-38:20
54-->src/main/AndroidManifest.xml:37:19-48
55        </activity>
56        <activity android:name="com.kemanci.petapp.MainActivity" >
56-->src/main/AndroidManifest.xml:39:9-45:20
56-->src/main/AndroidManifest.xml:39:19-47
57            <intent-filter>
57-->src/main/AndroidManifest.xml:40:13-44:29
58                <action android:name="android.intent.action.MAIN" />
58-->src/main/AndroidManifest.xml:41:17-68
58-->src/main/AndroidManifest.xml:41:25-66
59
60                <category android:name="android.intent.category.LAUNCHER" />
60-->src/main/AndroidManifest.xml:43:17-76
60-->src/main/AndroidManifest.xml:43:27-74
61            </intent-filter>
62        </activity>
63
64        <meta-data
64-->src/main/AndroidManifest.xml:47:9-49:60
65            android:name="preloaded_fonts"
65-->src/main/AndroidManifest.xml:48:17-47
66            android:resource="@array/preloaded_fonts" />
66-->src/main/AndroidManifest.xml:49:17-58
67        <!-- Needs to be explicitly declared on P+ -->
68        <uses-library
68-->[com.google.android.gms:play-services-maps:17.0.0] AndroidManifest.xml:33:9-35:40
69            android:name="org.apache.http.legacy"
69-->[com.google.android.gms:play-services-maps:17.0.0] AndroidManifest.xml:34:13-50
70            android:required="false" />
70-->[com.google.android.gms:play-services-maps:17.0.0] AndroidManifest.xml:35:13-37
71
72        <activity
72-->[com.google.android.gms:play-services-base:17.0.0] AndroidManifest.xml:23:9-26:75
73            android:name="com.google.android.gms.common.api.GoogleApiActivity"
73-->[com.google.android.gms:play-services-base:17.0.0] AndroidManifest.xml:24:13-79
74            android:exported="false"
74-->[com.google.android.gms:play-services-base:17.0.0] AndroidManifest.xml:25:13-37
75            android:theme="@android:style/Theme.Translucent.NoTitleBar" />
75-->[com.google.android.gms:play-services-base:17.0.0] AndroidManifest.xml:26:13-72
76
77        <meta-data
77-->[com.google.android.gms:play-services-basement:17.0.0] AndroidManifest.xml:23:9-25:69
78            android:name="com.google.android.gms.version"
78-->[com.google.android.gms:play-services-basement:17.0.0] AndroidManifest.xml:24:13-58
79            android:value="@integer/google_play_services_version" />
79-->[com.google.android.gms:play-services-basement:17.0.0] AndroidManifest.xml:25:13-66
80    </application>
81
82</manifest>